FoodApp/FoodOrderApp/app/build/intermediates/manifest_merge_blame_file/debug/manifest-merger-blame-debug-report.txt
1<?xml version="1.0" encoding="utf-8"?>
2<manifest xmlns:android="http://schemas.android.com/apk/res/android"
3    package="com.android.foodorderapp"
4    android:versionCode="1"
5    android:versionName="1.0" >
6
7    <uses-sdk
8        android:minSdkVersion="24"
8-->src\main\AndroidManifest.xml
9        android:targetSdkVersion="29" />
9-->src\main\AndroidManifest.xml
10
11    <uses-permission android:name="android.permission.INTERNET" />
11-->src\main\AndroidManifest.xml:5:5-67
11-->src\main\AndroidManifest.xml:5:22-64
12
13    <application
13-->src\main\AndroidManifest.xml:7:5-41:19
14        android:allowBackup="true"
14-->src\main\AndroidManifest.xml:8:9-35
15        android:appComponentFactory="androidx.core.app.CoreComponentFactory"
15-->[androidx.core:core:1.3.1] AndroidManifest.xml:24:18-86
16        android:debuggable="true"
17        android:extractNativeLibs="false"
18        android:icon="@drawable/bike"
18-->src\main\AndroidManifest.xml:9:9-38
19        android:label="@string/app_name"
19-->src\main\AndroidManifest.xml:10:9-41
20        android:roundIcon="@drawable/bike"
20-->src\main\AndroidManifest.xml:11:9-43
21        android:supportsRtl="true"
21-->src\main\AndroidManifest.xml:12:9-35
22        android:testOnly="true"
23        android:theme="@style/Theme.FoodOrderApp" >
23-->src\main\AndroidManifest.xml:13:9-50
24        <activity
24-->src\main\AndroidManifest.xml:14:9-20:20
25            android:name="com.android.foodorderapp.RegisterActivity"
25-->src\main\AndroidManifest.xml:15:13-45
26            android:exported="false" >
26-->src\main\AndroidManifest.xml:16:13-37
27            <meta-data
27-->src\main\AndroidManifest.xml:17:13-19:36
28                android:name="android.app.lib_name"
28-->src\main\AndroidManifest.xml:18:17-52
29                android:value="" />
29-->src\main\AndroidManifest.xml:19:17-33
30        </activity>
31        <activity
31-->src\main\AndroidManifest.xml:21:9-27:20
32            android:name="com.android.foodorderapp.MainActivity"
32-->src\main\AndroidManifest.xml:22:13-41
33            android:exported="false" >
33-->src\main\AndroidManifest.xml:23:13-37
34            <meta-data
34-->src\main\AndroidManifest.xml:17:13-19:36
35                android:name="android.app.lib_name"
35-->src\main\AndroidManifest.xml:18:17-52
36                android:value="" />
36-->src\main\AndroidManifest.xml:19:17-33
37        </activity>
38        <activity android:name="com.android.foodorderapp.OrderSucceessActivity" />
38-->src\main\AndroidManifest.xml:28:9-59
38-->src\main\AndroidManifest.xml:28:19-56
39        <activity android:name="com.android.foodorderapp.PlaceYourOrderActivity" />
39-->src\main\AndroidManifest.xml:29:9-60
39-->src\main\AndroidManifest.xml:29:19-57
40        <activity android:name="com.android.foodorderapp.RestaurantMenuActivity" />
40-->src\main\AndroidManifest.xml:30:9-60
40-->src\main\AndroidManifest.xml:30:19-57
41        <activity android:name="com.android.foodorderapp.PasswordActivity" />
41-->src\main\AndroidManifest.xml:31:9-53
41-->src\main\AndroidManifest.xml:31:19-51
42        <activity android:name="com.android.foodorderapp.LoginActivity" />
42-->src\main\AndroidManifest.xml:32:9-50
42-->src\main\AndroidManifest.xml:32:19-48
43        <activity android:name="com.android.foodorderapp.LauncherActivity" />
43-->src\main\AndroidManifest.xml:33:9-53
43-->src\main\AndroidManifest.xml:33:19-51
44        <activity android:name="com.android.foodorderapp.SplashActivity" >
44-->src\main\AndroidManifest.xml:34:9-40:20
44-->src\main\AndroidManifest.xml:34:19-49
45            <intent-filter>
45-->src\main\AndroidManifest.xml:35:13-39:29
46                <action android:name="android.intent.action.MAIN" />
46-->src\main\AndroidManifest.xml:36:17-69
46-->src\main\AndroidManifest.xml:36:25-66
47
48                <category android:name="android.intent.category.LAUNCHER" />
48-->src\main\AndroidManifest.xml:38:17-77
48-->src\main\AndroidManifest.xml:38:27-74
49            </intent-filter>
50        </activity>
51    </application>
52
53</manifest>